/Users/Bureaux/miniconda3/envs/Torch_ner/bin/python "/Users/Bureaux/Library/Application Support/JetBrains/Toolbox/apps/PyCharm-P/ch-0/213.5744.248/PyCharm.app/Contents/plugins/python/helpers/pydev/pydevconsole.py" --mode=client --port=62055
import sys; print('Python %s on %s' % (sys.version, sys.platform))
sys.path.extend(['/Volumes/Riesling/TRAIN/Torch-base/src/BiLSTM_CRF'])
Python 3.7.11 (default, Jul 27 2021, 07:03:16)
Type 'copyright', 'credits' or 'license' for more information
IPython 7.30.1 -- An enhanced Interactive Python. Type '?' for help.
PyDev console: using IPython 7.30.1
Python 3.7.11 (default, Jul 27 2021, 07:03:16)
[Clang 10.0.0 ] on darwin
runfile('/Volumes/Riesling/TRAIN/Torch-base/src/BiLSTM_CRF/main.py', wdir='/Volumes/Riesling/TRAIN/Torch-base/src/BiLSTM_CRF')
-----------------------------------------------------------------------------------------------------------
               Layer (type)                                    Input Shape         Param #     Tr. Param #
===========================================================================================================
                Embedding-1                                      [100, 32]         180,300         180,300
                     LSTM-2     [100, 32, 300], [2, 32, 256], [2, 32, 256]       1,142,784       1,142,784
                     LSTM-3     [100, 32, 512], [2, 32, 128], [2, 32, 128]         657,408         657,408
                  Dropout-4                                 [100, 32, 256]               0               0
                   Linear-5                                 [32, 100, 256]           7,453           7,453
   ConditionalRandomField-6            [32, 100, 29], [32, 100], [32, 100]           1,860             899
===========================================================================================================
Total params: 1,989,805
Trainable params: 1,988,844
Non-trainable params: 961
-----------------------------------------------------------------------------------------------------------
training on  cpu
epoch [1]: 100%|██████████| 29/29 [00:26<00:00,  1.09it/s, loss=42.7]
2021-12-17 14:52:37,207 - epoch 1 - loss: 42.6906 acc: 0.2409 - test_acc: 0.1804
epoch [2]: 100%|██████████| 29/29 [00:28<00:00,  1.02it/s, loss=17.6]
2021-12-17 14:53:19,099 - epoch 2 - loss: 17.5649 acc: 0.6874 - test_acc: 0.6554
epoch [3]: 100%|██████████| 29/29 [00:32<00:00,  1.10s/it, loss=10.7]
2021-12-17 14:54:01,811 - epoch 3 - loss: 10.6861 acc: 0.7702 - test_acc: 0.6908
epoch [4]: 100%|██████████| 29/29 [00:31<00:00,  1.07s/it, loss=7.76]
2021-12-17 14:54:43,429 - epoch 4 - loss: 7.7551 acc: 0.8336 - test_acc: 0.7633
epoch [5]: 100%|██████████| 29/29 [00:29<00:00,  1.03s/it, loss=5.89]
2021-12-17 14:55:23,635 - epoch 5 - loss: 5.8919 acc: 0.8689 - test_acc: 0.7907
epoch [6]: 100%|██████████| 29/29 [00:29<00:00,  1.00s/it, loss=4.68]
2021-12-17 14:56:01,725 - epoch 6 - loss: 4.6774 acc: 0.8798 - test_acc: 0.7858
epoch [7]: 100%|██████████| 29/29 [00:38<00:00,  1.32s/it, loss=4.03]
2021-12-17 14:56:53,304 - epoch 7 - loss: 4.0329 acc: 0.9052 - test_acc: 0.7858
epoch [8]: 100%|██████████| 29/29 [00:35<00:00,  1.21s/it, loss=3.34]
2021-12-17 14:57:41,694 - epoch 8 - loss: 3.3428 acc: 0.9118 - test_acc: 0.8180
epoch [9]: 100%|██████████| 29/29 [00:38<00:00,  1.32s/it, loss=2.98]
2021-12-17 14:58:29,565 - epoch 9 - loss: 2.9814 acc: 0.9217 - test_acc: 0.7762
epoch [10]: 100%|██████████| 29/29 [00:36<00:00,  1.26s/it, loss=2.53]
2021-12-17 14:59:15,809 - epoch 10 - loss: 2.5263 acc: 0.9298 - test_acc: 0.7971
predicting training set: 100%|██████████| 29/29 [00:08<00:00,  3.46it/s]
predicting test set:   0%|          | 0/5 [00:00<?, ?it/s]
Train set
            ANATOMY     SIGN        QUANTITY    ORGAN       TEXTURE     DISEASE     DENSITY     BOUNDARY    MARGIN      DIAMETER    SHAPE       TREATMENT   LUNGFIELD   NATURE
precision   0.92        0.93        0.97        0.86        0.93        0.95        0.90        1.00        1.00        0.95        0.88        0.91        1.00        1.00
recall      0.92        0.93        0.94        0.79        0.88        0.93        0.90        1.00        1.00        0.95        0.77        0.89        0.92        1.00
f1          0.92        0.93        0.95        0.82        0.90        0.94        0.90        1.00        1.00        0.95        0.82        0.90        0.96        1.00
------------------------------------------------------------------------------------------------------------------------------------------------------------------------------------
precision   0.93
recall      0.92
f1          0.93
predicting test set: 100%|██████████| 5/5 [00:01<00:00,  3.85it/s]
Test set
            ANATOMY     SIGN        QUANTITY    ORGAN       TEXTURE     DISEASE     DENSITY     BOUNDARY    MARGIN      DIAMETER    SHAPE       TREATMENT   LUNGFIELD   NATURE
precision   0.83        0.72        0.87        0.69        0.86        0.72        1.00        0.75        0.83        1.00        0.71        0.56        0.83        1.00
recall      0.81        0.76        0.85        0.64        1.00        0.61        1.00        1.00        0.83        1.00        0.83        0.38        1.00        0.86
f1          0.82        0.74        0.86        0.67        0.92        0.66        1.00        0.86        0.83        1.00        0.77        0.45        0.91        0.92
------------------------------------------------------------------------------------------------------------------------------------------------------------------------------------
precision   0.79
recall      0.78
f1          0.79
